sourcing /nfs/opt/microsemi/Libero_v11.7/Synplify/lib/message_override.tcl


Starting:    /nfs/opt/microsemi/Libero_v11.7/Synplify/linux_a_64/mbin/synbatch
Install:     /nfs/opt/microsemi/Libero_v11.7/Synplify
Hostname:    mmx
Date:        Sat Jul  9 11:15:32 2016
Version:     J-2015.03M-SP1-2

Arguments:   -product synplify_pro -licensetype synplifypro_actel -batch -log synplify.log Top_Fabric_Master_syn.tcl
ProductType: synplify_pro

License checkout: synplifypro_actel
License: synplifypro_actel from server vax 
Licensed Vendor: actel
License Option: actel_oem

Running in Vendor Mode


Implementation not found: synthesis

log file: "/nfs/home/ryan/orca_new_60/sf2plus/synthesis/Top_Fabric_Master.srr"

Running: synthesis in foreground



Running Top_Fabric_Master_syn|synthesis


Running: compile (Compile) on Top_Fabric_Master_syn|synthesis


Running: compile_flow (Compile Process) on Top_Fabric_Master_syn|synthesis


Running: compiler (Compile Input) on Top_Fabric_Master_syn|synthesis

Copied /nfs/home/ryan/orca_new_60/sf2plus/synthesis/synwork/Top_Fabric_Master_comp.srs to /nfs/home/ryan/orca_new_60/sf2plus/synthesis/Top_Fabric_Master.srs


compiler Completed
Return Code: 0
Run Time:00h:00m:13s


Running: multi_srs_gen (Multi-srs Generator) on Top_Fabric_Master_syn|synthesis

Copied /nfs/home/ryan/orca_new_60/sf2plus/synthesis/synwork/Top_Fabric_Master_comp.srs to /nfs/home/ryan/orca_new_60/sf2plus/synthesis/synwork/Top_Fabric_Master_s.srs


multi_srs_gen Completed
Return Code: 0
Run Time:00h:00m:02s

Copied /nfs/home/ryan/orca_new_60/sf2plus/synthesis/synwork/Top_Fabric_Master_mult.srs to /nfs/home/ryan/orca_new_60/sf2plus/synthesis/Top_Fabric_Master.srs

Complete: Compile Process on Top_Fabric_Master_syn|synthesis


Running: premap (Pre-mapping) on Top_Fabric_Master_syn|synthesis

Copied /nfs/home/ryan/orca_new_60/sf2plus/synthesis/Top_Fabric_Master.sap to /nfs/home/ryan/orca_new_60/sf2plus/synthesis/synwork/Top_Fabric_Master_s.sap


premap Completed with warnings
Return Code: 1
Run Time:00h:00m:03s

Complete: Compile on Top_Fabric_Master_syn|synthesis


Running: map (Map) on Top_Fabric_Master_syn|synthesis


Running: fpga_mapper (Map & Optimize) on Top_Fabric_Master_syn|synthesis

Copied /nfs/home/ryan/orca_new_60/sf2plus/synthesis/synwork/Top_Fabric_Master_m.srm to /nfs/home/ryan/orca_new_60/sf2plus/synthesis/Top_Fabric_Master.srm


fpga_mapper Completed with warnings
Return Code: 1
Run Time:00h:01m:06s

Complete: Map on Top_Fabric_Master_syn|synthesis

Complete: Logic Synthesis on Top_Fabric_Master_syn|synthesis

Copied /nfs/home/ryan/orca_new_60/sf2plus/synthesis/Top_Fabric_Master.srr to /nfs/home/ryan/orca_new_60/sf2plus/synthesis/backup/Top_Fabric_Master.srr

TCL script complete: "Top_Fabric_Master_syn.tcl"

exit status=0

exit status=0

License checkin: synplifypro_actel

