/nfs/opt/microsemi/Libero_v11.7/Synplify/bin/c_hdl  -osyn  /nfs/home/ryan/orca_new_60/sf2plus/synthesis/synwork/Top_Fabric_Master_comp.srs  -top  work.Top_Fabric_Master  -hdllog  /nfs/home/ryan/orca_new_60/sf2plus/synthesis/synlog/Top_Fabric_Master_compiler.srr  -encrypt  -mp  1  -vhdl  -prodtype  synplify_pro  -infer_seqShift -primux -dspmac -pqdpadd -fixsmult -sdff_counter -divnmod -nram  -encrypt  -pro  -dmgen  /nfs/home/ryan/orca_new_60/sf2plus/synthesis/dm  -lite -ui -fid2 -ram -sharing on -ll 2000 -autosm  -ignore_undefined_lib  -lib CORESPI_LIB /nfs/home/ryan/orca_new_60/sf2plus/component/Actel/DirectCore/CORESPI/5.0.100/rtl/vhdl/core/spi_clockmux.vhd -lib CORESPI_LIB /nfs/home/ryan/orca_new_60/sf2plus/component/Actel/DirectCore/CORESPI/5.0.100/rtl/vhdl/core/corespi_pkg.vhd -lib CORESPI_LIB /nfs/home/ryan/orca_new_60/sf2plus/component/Actel/DirectCore/CORESPI/5.0.100/rtl/vhdl/core/spi_chanctrl.vhd -lib CORESPI_LIB /nfs/home/ryan/orca_new_60/sf2plus/component/Actel/DirectCore/CORESPI/5.0.100/rtl/vhdl/core/spi_control.vhd -lib CORESPI_LIB /nfs/home/ryan/orca_new_60/sf2plus/component/Actel/DirectCore/CORESPI/5.0.100/rtl/vhdl/core/spi_fifo.vhd -lib CORESPI_LIB /nfs/home/ryan/orca_new_60/sf2plus/component/Actel/DirectCore/CORESPI/5.0.100/rtl/vhdl/core/spi_rf.vhd -lib CORESPI_LIB /nfs/home/ryan/orca_new_60/sf2plus/component/Actel/DirectCore/CORESPI/5.0.100/rtl/vhdl/core/spi.vhd -lib CORESPI_LIB /nfs/home/ryan/orca_new_60/sf2plus/component/Actel/DirectCore/CORESPI/5.0.100/rtl/vhdl/core/corespi.vhd -lib COREUARTAPB_LIB /nfs/home/ryan/orca_new_60/sf2plus/component/work/Top_Fabric_Master/CoreUARTapb_0/rtl/vhdl/core/Clock_gen.vhd -lib COREUARTAPB_LIB /nfs/home/ryan/orca_new_60/sf2plus/component/work/Top_Fabric_Master/CoreUARTapb_0/rtl/vhdl/core/Rx_async.vhd -lib COREUARTAPB_LIB /nfs/home/ryan/orca_new_60/sf2plus/component/work/Top_Fabric_Master/CoreUARTapb_0/rtl/vhdl/core/Tx_async.vhd -lib COREUARTAPB_LIB /nfs/home/ryan/orca_new_60/sf2plus/component/work/Top_Fabric_Master/CoreUARTapb_0/rtl/vhdl/core/fifo_256x8_g4.vhd -lib COREUARTAPB_LIB /nfs/home/ryan/orca_new_60/sf2plus/component/work/Top_Fabric_Master/CoreUARTapb_0/rtl/vhdl/core/coreuart_pkg.vhd -lib COREUARTAPB_LIB /nfs/home/ryan/orca_new_60/sf2plus/component/work/Top_Fabric_Master/CoreUARTapb_0/rtl/vhdl/core/CoreUART.vhd -lib COREUARTAPB_LIB /nfs/home/ryan/orca_new_60/sf2plus/component/work/Top_Fabric_Master/CoreUARTapb_0/rtl/vhdl/core/CoreUARTapb.vhd -lib work /nfs/home/ryan/orca_new_60/sf2plus/hdl/axi_splitter.vhd -lib work /nfs/home/ryan/orca_new_60/sf2plus/hdl/axi_to_apb.vhd -lib COREGPIO_LIB /nfs/home/ryan/orca_new_60/sf2plus/component/Actel/DirectCore/CoreGPIO/3.1.101/rtl/vhdl/core/coregpio_pkg.vhd -lib COREGPIO_LIB /nfs/home/ryan/orca_new_60/sf2plus/component/Actel/DirectCore/CoreGPIO/3.1.101/rtl/vhdl/core/coregpio.vhd -lib work /nfs/home/ryan/orca_new_60/sf2plus/hdl/utils.vhd -lib work /nfs/home/ryan/orca_new_60/sf2plus/hdl/components.vhd -lib work /nfs/home/ryan/orca_new_60/sf2plus/hdl/top_util_pkg.vhd -lib work /nfs/home/ryan/orca_new_60/sf2plus/hdl/fabric_master.vhd -lib work /nfs/home/ryan/orca_new_60/sf2plus/hdl/i2s_decode.vhd -lib work /nfs/home/ryan/orca_new_60/sf2plus/hdl/i2s_apb.vhd -lib work /nfs/home/ryan/orca_new_60/sf2plus/component/Actel/DirectCore/CoreResetP/7.0.104/rtl/vhdl/core/coreresetp_pcie_hotreset.vhd -lib work /nfs/home/ryan/orca_new_60/sf2plus/component/Actel/DirectCore/CoreResetP/7.0.104/rtl/vhdl/core/coreresetp.vhd -lib work /nfs/home/ryan/orca_new_60/sf2plus/component/Actel/DirectCore/CoreSF2Config/3.0.100/rtl/vhdl/core/coresf2config.vhd -lib work /nfs/home/ryan/orca_new_60/sf2plus/component/work/my_mss/CCC_0/my_mss_CCC_0_FCCC.vhd -lib work /nfs/home/ryan/orca_new_60/sf2plus/component/Actel/SgCore/OSC/2.0.101/osc_comps.vhd -lib work /nfs/home/ryan/orca_new_60/sf2plus/component/work/my_mss/FABOSC_0/my_mss_FABOSC_0_OSC.vhd -lib work /nfs/home/ryan/orca_new_60/sf2plus/component/work/my_mss_MSS/my_mss_MSS_syn.vhd -lib work /nfs/home/ryan/orca_new_60/sf2plus/component/work/my_mss_MSS/my_mss_MSS.vhd -lib COREAHBLITE_LIB /nfs/home/ryan/orca_new_60/sf2plus/component/Actel/DirectCore/CoreAHBLite/5.2.100/rtl/vhdl/core/coreahblite_addrdec.vhd -lib COREAHBLITE_LIB /nfs/home/ryan/orca_new_60/sf2plus/component/Actel/DirectCore/CoreAHBLite/5.2.100/rtl/vhdl/core/coreahblite_defaultslavesm.vhd -lib COREAHBLITE_LIB /nfs/home/ryan/orca_new_60/sf2plus/component/Actel/DirectCore/CoreAHBLite/5.2.100/rtl/vhdl/core/coreahblite_masterstage.vhd -lib COREAHBLITE_LIB /nfs/home/ryan/orca_new_60/sf2plus/component/Actel/DirectCore/CoreAHBLite/5.2.100/rtl/vhdl/core/coreahblite_slavearbiter.vhd -lib COREAHBLITE_LIB /nfs/home/ryan/orca_new_60/sf2plus/component/Actel/DirectCore/CoreAHBLite/5.2.100/rtl/vhdl/core/coreahblite_slavestage.vhd -lib COREAHBLITE_LIB /nfs/home/ryan/orca_new_60/sf2plus/component/Actel/DirectCore/CoreAHBLite/5.2.100/rtl/vhdl/core/coreahblite_matrix4x16.vhd -lib COREAHBLITE_LIB /nfs/home/ryan/orca_new_60/sf2plus/component/Actel/DirectCore/CoreAHBLite/5.2.100/rtl/vhdl/core/coreahblite_pkg.vhd -lib COREAHBLITE_LIB /nfs/home/ryan/orca_new_60/sf2plus/component/Actel/DirectCore/CoreAHBLite/5.2.100/rtl/vhdl/core/coreahblite.vhd -lib COREAHBTOAPB3_LIB /nfs/home/ryan/orca_new_60/sf2plus/component/Actel/DirectCore/COREAHBTOAPB3/3.1.100/rtl/vhdl/core/coreahbtoapb3_ahbtoapbsm.vhd -lib COREAHBTOAPB3_LIB /nfs/home/ryan/orca_new_60/sf2plus/component/Actel/DirectCore/COREAHBTOAPB3/3.1.100/rtl/vhdl/core/coreahbtoapb3_apbaddrdata.vhd -lib COREAHBTOAPB3_LIB /nfs/home/ryan/orca_new_60/sf2plus/component/Actel/DirectCore/COREAHBTOAPB3/3.1.100/rtl/vhdl/core/coreahbtoapb3_penablescheduler.vhd -lib COREAHBTOAPB3_LIB /nfs/home/ryan/orca_new_60/sf2plus/component/Actel/DirectCore/COREAHBTOAPB3/3.1.100/rtl/vhdl/core/ahbtoapb3_pkg.vhd -lib COREAHBTOAPB3_LIB /nfs/home/ryan/orca_new_60/sf2plus/component/Actel/DirectCore/COREAHBTOAPB3/3.1.100/rtl/vhdl/core/coreahbtoapb3.vhd -lib COREAPB3_LIB /nfs/home/ryan/orca_new_60/sf2plus/component/Actel/DirectCore/CoreAPB3/4.1.100/rtl/vhdl/core/coreapb3_muxptob3.vhd -lib COREAPB3_LIB /nfs/home/ryan/orca_new_60/sf2plus/component/Actel/DirectCore/CoreAPB3/4.1.100/rtl/vhdl/core/coreapb3_iaddr_reg.vhd -lib COREAPB3_LIB /nfs/home/ryan/orca_new_60/sf2plus/component/Actel/DirectCore/CoreAPB3/4.1.100/rtl/vhdl/core/coreapb3.vhd -lib COREAHBLITE_LIB /nfs/home/ryan/orca_new_60/sf2plus/component/Actel/DirectCore/CoreAHBLite/5.2.100/rtl/vhdl/core/components.vhd -lib COREAHBTOAPB3_LIB /nfs/home/ryan/orca_new_60/sf2plus/component/Actel/DirectCore/COREAHBTOAPB3/3.1.100/rtl/vhdl/core/components.vhd -lib COREAPB3_LIB /nfs/home/ryan/orca_new_60/sf2plus/component/Actel/DirectCore/CoreAPB3/4.1.100/rtl/vhdl/core/components.vhd -lib work /nfs/home/ryan/work_riscV/orca/sf2plus/component/work/my_mss/my_mss.vhd -lib work /nfs/home/ryan/orca_new_60/sf2plus/component/work/my_mss_top/my_mss_top.vhd -lib work /nfs/home/ryan/orca_new_60/sf2plus/hdl/apb_to_ram.vhd -lib work /nfs/home/ryan/orca_new_60/sf2plus/hdl/axi_master.vhd -lib work /nfs/home/ryan/orca_new_60/sf2plus/hdl/bram.vhd -lib work /nfs/home/ryan/orca_new_60/sf2plus/hdl/iram.vhd -lib work /nfs/home/ryan/orca_new_60/sf2plus/hdl/register_file.vhd -lib work /nfs/home/ryan/orca_new_60/sf2plus/hdl/decode.vhd -lib work /nfs/home/ryan/orca_new_60/sf2plus/hdl/alu.vhd -lib work /nfs/home/ryan/orca_new_60/sf2plus/hdl/branch_unit.vhd -lib work /nfs/home/ryan/orca_new_60/sf2plus/hdl/load_store_unit.vhd -lib work /nfs/home/ryan/orca_new_60/sf2plus/hdl/sys_call.vhd -lib work /nfs/home/ryan/orca_new_60/sf2plus/hdl/execute.vhd -lib work /nfs/home/ryan/orca_new_60/sf2plus/hdl/instruction_fetch.vhd -lib work /nfs/home/ryan/orca_new_60/sf2plus/hdl/orca.vhd -lib work /nfs/home/ryan/orca_new_60/sf2plus/hdl/ram_mux.vhd -lib work /nfs/home/ryan/orca_new_60/sf2plus/hdl/axi_wrapper.vhd -lib work /nfs/home/ryan/orca_new_60/sf2plus/hdl/util_pkg.vhd -lib work /nfs/home/ryan/orca_new_60/sf2plus/hdl/isa_pkg.vhd -lib work /nfs/home/ryan/orca_new_60/sf2plus/hdl/architecture_pkg.vhd -lib work /nfs/home/ryan/orca_new_60/sf2plus/hdl/axi4lite_sp_slave.vhd -lib work /nfs/home/ryan/orca_new_60/sf2plus/hdl/axi_instr_slave.vhd -lib work /nfs/home/ryan/orca_new_60/sf2plus/hdl/dma_engine_axi.vhd -lib work /nfs/home/ryan/orca_new_60/sf2plus/hdl/dma_queue.vhd -lib work /nfs/home/ryan/orca_new_60/sf2plus/hdl/component_pkg.vhd -lib work /nfs/home/ryan/orca_new_60/sf2plus/hdl/dma_controller_axi.vhd -lib work /nfs/home/ryan/orca_new_60/sf2plus/hdl/fifo_sync_behav.vhd -lib work /nfs/home/ryan/orca_new_60/sf2plus/hdl/sdp_ram.vhd -lib work /nfs/home/ryan/orca_new_60/sf2plus/hdl/fsl_handler.vhd -lib work /nfs/home/ryan/orca_new_60/sf2plus/hdl/scratchpad_ram_xil.vhd -lib work /nfs/home/ryan/orca_new_60/sf2plus/hdl/scratchpad.vhd -lib work /nfs/home/ryan/orca_new_60/sf2plus/hdl/scratchpad_arbiter.vhd -lib work /nfs/home/ryan/orca_new_60/sf2plus/hdl/adder_tree_clk.vhd -lib work /nfs/home/ryan/orca_new_60/sf2plus/hdl/accum_unit.vhd -lib work /nfs/home/ryan/orca_new_60/sf2plus/hdl/dma_hazard_detect.vhd -lib work /nfs/home/ryan/orca_new_60/sf2plus/hdl/instr_hazard_detect.vhd -lib work /nfs/home/ryan/orca_new_60/sf2plus/hdl/wave_expander.vhd -lib work /nfs/home/ryan/orca_new_60/sf2plus/hdl/masked_unit.vhd -lib work /nfs/home/ryan/orca_new_60/sf2plus/hdl/addr_gen.vhd -lib work /nfs/home/ryan/orca_new_60/sf2plus/hdl/absv_unit.vhd -lib work /nfs/home/ryan/orca_new_60/sf2plus/hdl/arith_unit.vhd -lib work /nfs/home/ryan/orca_new_60/sf2plus/hdl/cmov_unit.vhd -lib work /nfs/home/ryan/orca_new_60/sf2plus/hdl/alu_unit.vhd -lib work /nfs/home/ryan/orca_new_60/sf2plus/hdl/shamt_roms.vhd -lib work /nfs/home/ryan/orca_new_60/sf2plus/hdl/hardware_mult_behav.vhd -lib work /nfs/home/ryan/orca_new_60/sf2plus/hdl/mul_unit.vhd -lib work /nfs/home/ryan/orca_new_60/sf2plus/hdl/exec_unit.vhd -lib work /nfs/home/ryan/orca_new_60/sf2plus/hdl/barrel_shifter.vhd -lib work /nfs/home/ryan/orca_new_60/sf2plus/hdl/size_up.vhd -lib work /nfs/home/ryan/orca_new_60/sf2plus/hdl/in_shifter.vhd -lib work /nfs/home/ryan/orca_new_60/sf2plus/hdl/size_down.vhd -lib work /nfs/home/ryan/orca_new_60/sf2plus/hdl/out_shifter.vhd -lib work /nfs/home/ryan/orca_new_60/sf2plus/hdl/vblox1_core.vhd -lib work /nfs/home/ryan/orca_new_60/sf2plus/hdl/vectorblox_axi.vhd -lib COREGPIO_LIB /nfs/home/ryan/orca_new_60/sf2plus/component/Actel/DirectCore/CoreGPIO/3.1.101/rtl/vhdl/core/components.vhd -lib COREUARTAPB_LIB /nfs/home/ryan/orca_new_60/sf2plus/component/work/Top_Fabric_Master/CoreUARTapb_0/rtl/vhdl/core/components.vhd -lib work /nfs/home/ryan/orca_new_60/sf2plus/component/work/Top_Fabric_Master/Top_Fabric_Master.vhd 
rc:0 success:1
/nfs/home/ryan/orca_new_60/sf2plus/synthesis/synwork/Top_Fabric_Master_comp.srs|o|1468088137|731365
/nfs/home/ryan/orca_new_60/sf2plus/synthesis/synlog/Top_Fabric_Master_compiler.srr|o|1468088137|267534
/nfs/home/ryan/orca_new_60/sf2plus/component/Actel/DirectCore/CORESPI/5.0.100/rtl/vhdl/core/spi_clockmux.vhd|i|1468088088|1255
/nfs/home/ryan/orca_new_60/sf2plus/component/Actel/DirectCore/CORESPI/5.0.100/rtl/vhdl/core/corespi_pkg.vhd|i|1468088088|4780
/nfs/home/ryan/orca_new_60/sf2plus/component/Actel/DirectCore/CORESPI/5.0.100/rtl/vhdl/core/spi_chanctrl.vhd|i|1468088088|44608
/nfs/home/ryan/orca_new_60/sf2plus/component/Actel/DirectCore/CORESPI/5.0.100/rtl/vhdl/core/spi_control.vhd|i|1468088088|3273
/nfs/home/ryan/orca_new_60/sf2plus/component/Actel/DirectCore/CORESPI/5.0.100/rtl/vhdl/core/spi_fifo.vhd|i|1468088088|7566
/nfs/home/ryan/orca_new_60/sf2plus/component/Actel/DirectCore/CORESPI/5.0.100/rtl/vhdl/core/spi_rf.vhd|i|1468088088|8701
/nfs/home/ryan/orca_new_60/sf2plus/component/Actel/DirectCore/CORESPI/5.0.100/rtl/vhdl/core/spi.vhd|i|1468088088|18640
/nfs/home/ryan/orca_new_60/sf2plus/component/Actel/DirectCore/CORESPI/5.0.100/rtl/vhdl/core/corespi.vhd|i|1468088088|6772
/nfs/home/ryan/orca_new_60/sf2plus/component/work/Top_Fabric_Master/CoreUARTapb_0/rtl/vhdl/core/Clock_gen.vhd|i|1468088088|12930
/nfs/home/ryan/orca_new_60/sf2plus/component/work/Top_Fabric_Master/CoreUARTapb_0/rtl/vhdl/core/Rx_async.vhd|i|1468088088|21594
/nfs/home/ryan/orca_new_60/sf2plus/component/work/Top_Fabric_Master/CoreUARTapb_0/rtl/vhdl/core/Tx_async.vhd|i|1468088088|11237
/nfs/home/ryan/orca_new_60/sf2plus/component/work/Top_Fabric_Master/CoreUARTapb_0/rtl/vhdl/core/fifo_256x8_g4.vhd|i|1468088088|17709
/nfs/home/ryan/orca_new_60/sf2plus/component/work/Top_Fabric_Master/CoreUARTapb_0/rtl/vhdl/core/coreuart_pkg.vhd|i|1468088088|543
/nfs/home/ryan/orca_new_60/sf2plus/component/work/Top_Fabric_Master/CoreUARTapb_0/rtl/vhdl/core/CoreUART.vhd|i|1468088088|22467
/nfs/home/ryan/orca_new_60/sf2plus/component/work/Top_Fabric_Master/CoreUARTapb_0/rtl/vhdl/core/CoreUARTapb.vhd|i|1468088088|17820
/nfs/home/ryan/orca_new_60/sf2plus/hdl/axi_splitter.vhd|i|1468087487|28299
/nfs/home/ryan/orca_new_60/sf2plus/hdl/axi_to_apb.vhd|i|1468087487|4817
/nfs/home/ryan/orca_new_60/sf2plus/component/Actel/DirectCore/CoreGPIO/3.1.101/rtl/vhdl/core/coregpio_pkg.vhd|i|1468088088|3084
/nfs/home/ryan/orca_new_60/sf2plus/component/Actel/DirectCore/CoreGPIO/3.1.101/rtl/vhdl/core/coregpio.vhd|i|1468088088|39361
/nfs/home/ryan/orca_new_60/sf2plus/hdl/utils.vhd|i|1468087487|2877
/nfs/home/ryan/orca_new_60/sf2plus/hdl/components.vhd|i|1468087487|16732
/nfs/home/ryan/orca_new_60/sf2plus/hdl/top_util_pkg.vhd|i|1468087487|3981
/nfs/home/ryan/orca_new_60/sf2plus/hdl/fabric_master.vhd|i|1468087487|19044
/nfs/home/ryan/orca_new_60/sf2plus/hdl/i2s_decode.vhd|i|1468087738|1733
/nfs/home/ryan/orca_new_60/sf2plus/hdl/i2s_apb.vhd|i|1468087738|6753
/nfs/home/ryan/orca_new_60/sf2plus/component/Actel/DirectCore/CoreResetP/7.0.104/rtl/vhdl/core/coreresetp_pcie_hotreset.vhd|i|1468087890|9297
/nfs/home/ryan/orca_new_60/sf2plus/component/Actel/DirectCore/CoreResetP/7.0.104/rtl/vhdl/core/coreresetp.vhd|i|1468087890|75039
/nfs/home/ryan/orca_new_60/sf2plus/component/Actel/DirectCore/CoreSF2Config/3.0.100/rtl/vhdl/core/coresf2config.vhd|i|1468087890|23864
/nfs/home/ryan/orca_new_60/sf2plus/component/work/my_mss/CCC_0/my_mss_CCC_0_FCCC.vhd|i|1468087888|5541
/nfs/home/ryan/orca_new_60/sf2plus/component/Actel/SgCore/OSC/2.0.101/osc_comps.vhd|i|1468087891|2164
/nfs/home/ryan/orca_new_60/sf2plus/component/work/my_mss/FABOSC_0/my_mss_FABOSC_0_OSC.vhd|i|1468087891|1502
/nfs/home/ryan/orca_new_60/sf2plus/component/work/my_mss_MSS/my_mss_MSS_syn.vhd|i|1468087905|84027
/nfs/home/ryan/orca_new_60/sf2plus/component/work/my_mss_MSS/my_mss_MSS.vhd|i|1468087906|94951
/nfs/home/ryan/orca_new_60/sf2plus/component/Actel/DirectCore/CoreAHBLite/5.2.100/rtl/vhdl/core/coreahblite_addrdec.vhd|i|1468087889|11199
/nfs/home/ryan/orca_new_60/sf2plus/component/Actel/DirectCore/CoreAHBLite/5.2.100/rtl/vhdl/core/coreahblite_defaultslavesm.vhd|i|1468087889|2760
/nfs/home/ryan/orca_new_60/sf2plus/component/Actel/DirectCore/CoreAHBLite/5.2.100/rtl/vhdl/core/coreahblite_masterstage.vhd|i|1468087889|30586
/nfs/home/ryan/orca_new_60/sf2plus/component/Actel/DirectCore/CoreAHBLite/5.2.100/rtl/vhdl/core/coreahblite_slavearbiter.vhd|i|1468087889|17249
/nfs/home/ryan/orca_new_60/sf2plus/component/Actel/DirectCore/CoreAHBLite/5.2.100/rtl/vhdl/core/coreahblite_slavestage.vhd|i|1468087889|12256
/nfs/home/ryan/orca_new_60/sf2plus/component/Actel/DirectCore/CoreAHBLite/5.2.100/rtl/vhdl/core/coreahblite_matrix4x16.vhd|i|1468087889|426134
/nfs/home/ryan/orca_new_60/sf2plus/component/Actel/DirectCore/CoreAHBLite/5.2.100/rtl/vhdl/core/coreahblite_pkg.vhd|i|1468087889|425
/nfs/home/ryan/orca_new_60/sf2plus/component/Actel/DirectCore/CoreAHBLite/5.2.100/rtl/vhdl/core/coreahblite.vhd|i|1468087889|62288
/nfs/home/ryan/orca_new_60/sf2plus/component/Actel/DirectCore/COREAHBTOAPB3/3.1.100/rtl/vhdl/core/coreahbtoapb3_ahbtoapbsm.vhd|i|1468087890|12668
/nfs/home/ryan/orca_new_60/sf2plus/component/Actel/DirectCore/COREAHBTOAPB3/3.1.100/rtl/vhdl/core/coreahbtoapb3_apbaddrdata.vhd|i|1468087890|5229
/nfs/home/ryan/orca_new_60/sf2plus/component/Actel/DirectCore/COREAHBTOAPB3/3.1.100/rtl/vhdl/core/coreahbtoapb3_penablescheduler.vhd|i|1468087890|4814
/nfs/home/ryan/orca_new_60/sf2plus/component/Actel/DirectCore/COREAHBTOAPB3/3.1.100/rtl/vhdl/core/ahbtoapb3_pkg.vhd|i|1468087890|417
/nfs/home/ryan/orca_new_60/sf2plus/component/Actel/DirectCore/COREAHBTOAPB3/3.1.100/rtl/vhdl/core/coreahbtoapb3.vhd|i|1468087890|8823
/nfs/home/ryan/orca_new_60/sf2plus/component/Actel/DirectCore/CoreAPB3/4.1.100/rtl/vhdl/core/coreapb3_muxptob3.vhd|i|1468087890|9523
/nfs/home/ryan/orca_new_60/sf2plus/component/Actel/DirectCore/CoreAPB3/4.1.100/rtl/vhdl/core/coreapb3_iaddr_reg.vhd|i|1468087890|5757
/nfs/home/ryan/orca_new_60/sf2plus/component/Actel/DirectCore/CoreAPB3/4.1.100/rtl/vhdl/core/coreapb3.vhd|i|1468087890|78851
/nfs/home/ryan/orca_new_60/sf2plus/component/Actel/DirectCore/CoreAHBLite/5.2.100/rtl/vhdl/core/components.vhd|i|1468087889|18793
/nfs/home/ryan/orca_new_60/sf2plus/component/Actel/DirectCore/COREAHBTOAPB3/3.1.100/rtl/vhdl/core/components.vhd|i|1468087890|2025
/nfs/home/ryan/orca_new_60/sf2plus/component/Actel/DirectCore/CoreAPB3/4.1.100/rtl/vhdl/core/components.vhd|i|1468087890|6172
/nfs/home/ryan/work_riscV/orca/sf2plus/component/work/my_mss/my_mss.vhd|i|1466102187|77704
/nfs/home/ryan/orca_new_60/sf2plus/component/work/my_mss_top/my_mss_top.vhd|i|1468087939|10697
/nfs/home/ryan/orca_new_60/sf2plus/hdl/apb_to_ram.vhd|i|1468087487|3509
/nfs/home/ryan/orca_new_60/sf2plus/hdl/axi_master.vhd|i|1468087487|10376
/nfs/home/ryan/orca_new_60/sf2plus/hdl/bram.vhd|i|1468087487|5087
/nfs/home/ryan/orca_new_60/sf2plus/hdl/iram.vhd|i|1468087487|2198
/nfs/home/ryan/orca_new_60/sf2plus/hdl/register_file.vhd|i|1468087487|4769
/nfs/home/ryan/orca_new_60/sf2plus/hdl/decode.vhd|i|1468087487|6407
/nfs/home/ryan/orca_new_60/sf2plus/hdl/alu.vhd|i|1468087487|26625
/nfs/home/ryan/orca_new_60/sf2plus/hdl/branch_unit.vhd|i|1468087487|6175
/nfs/home/ryan/orca_new_60/sf2plus/hdl/load_store_unit.vhd|i|1468087487|6633
/nfs/home/ryan/orca_new_60/sf2plus/hdl/sys_call.vhd|i|1468087487|16972
/nfs/home/ryan/orca_new_60/sf2plus/hdl/execute.vhd|i|1468087487|14863
/nfs/home/ryan/orca_new_60/sf2plus/hdl/instruction_fetch.vhd|i|1468087487|7714
/nfs/home/ryan/orca_new_60/sf2plus/hdl/orca.vhd|i|1468087487|9072
/nfs/home/ryan/orca_new_60/sf2plus/hdl/ram_mux.vhd|i|1468087487|2492
/nfs/home/ryan/orca_new_60/sf2plus/hdl/axi_wrapper.vhd|i|1468087487|20619
/nfs/home/ryan/orca_new_60/sf2plus/hdl/util_pkg.vhd|i|1468087487|6368
/nfs/home/ryan/orca_new_60/sf2plus/hdl/isa_pkg.vhd|i|1468087487|10608
/nfs/home/ryan/orca_new_60/sf2plus/hdl/architecture_pkg.vhd|i|1468087487|45805
/nfs/home/ryan/orca_new_60/sf2plus/hdl/axi4lite_sp_slave.vhd|i|1468087487|12170
/nfs/home/ryan/orca_new_60/sf2plus/hdl/axi_instr_slave.vhd|i|1468087487|17965
/nfs/home/ryan/orca_new_60/sf2plus/hdl/dma_engine_axi.vhd|i|1468087487|73872
/nfs/home/ryan/orca_new_60/sf2plus/hdl/dma_queue.vhd|i|1468087487|9972
/nfs/home/ryan/orca_new_60/sf2plus/hdl/component_pkg.vhd|i|1468087487|50694
/nfs/home/ryan/orca_new_60/sf2plus/hdl/dma_controller_axi.vhd|i|1468087487|8353
/nfs/home/ryan/orca_new_60/sf2plus/hdl/fifo_sync_behav.vhd|i|1468087487|3640
/nfs/home/ryan/orca_new_60/sf2plus/hdl/sdp_ram.vhd|i|1468087487|1555
/nfs/home/ryan/orca_new_60/sf2plus/hdl/fsl_handler.vhd|i|1468087487|25657
/nfs/home/ryan/orca_new_60/sf2plus/hdl/scratchpad_ram_xil.vhd|i|1468087487|3462
/nfs/home/ryan/orca_new_60/sf2plus/hdl/scratchpad.vhd|i|1468087487|25000
/nfs/home/ryan/orca_new_60/sf2plus/hdl/scratchpad_arbiter.vhd|i|1468087487|14674
/nfs/home/ryan/orca_new_60/sf2plus/hdl/adder_tree_clk.vhd|i|1468087487|2128
/nfs/home/ryan/orca_new_60/sf2plus/hdl/accum_unit.vhd|i|1468087487|11802
/nfs/home/ryan/orca_new_60/sf2plus/hdl/dma_hazard_detect.vhd|i|1468087487|9126
/nfs/home/ryan/orca_new_60/sf2plus/hdl/instr_hazard_detect.vhd|i|1468087487|3138
/nfs/home/ryan/orca_new_60/sf2plus/hdl/wave_expander.vhd|i|1468087487|2427
/nfs/home/ryan/orca_new_60/sf2plus/hdl/masked_unit.vhd|i|1468087487|13891
/nfs/home/ryan/orca_new_60/sf2plus/hdl/addr_gen.vhd|i|1468087487|52880
/nfs/home/ryan/orca_new_60/sf2plus/hdl/absv_unit.vhd|i|1468087487|6382
/nfs/home/ryan/orca_new_60/sf2plus/hdl/arith_unit.vhd|i|1468087487|12155
/nfs/home/ryan/orca_new_60/sf2plus/hdl/cmov_unit.vhd|i|1468087487|3634
/nfs/home/ryan/orca_new_60/sf2plus/hdl/alu_unit.vhd|i|1468087487|6204
/nfs/home/ryan/orca_new_60/sf2plus/hdl/shamt_roms.vhd|i|1468087487|7453
/nfs/home/ryan/orca_new_60/sf2plus/hdl/hardware_mult_behav.vhd|i|1468087487|2337
/nfs/home/ryan/orca_new_60/sf2plus/hdl/mul_unit.vhd|i|1468087487|100012
/nfs/home/ryan/orca_new_60/sf2plus/hdl/exec_unit.vhd|i|1468087487|17259
/nfs/home/ryan/orca_new_60/sf2plus/hdl/barrel_shifter.vhd|i|1468087487|1554
/nfs/home/ryan/orca_new_60/sf2plus/hdl/size_up.vhd|i|1468087487|3061
/nfs/home/ryan/orca_new_60/sf2plus/hdl/in_shifter.vhd|i|1468087487|10892
/nfs/home/ryan/orca_new_60/sf2plus/hdl/size_down.vhd|i|1468087487|4154
/nfs/home/ryan/orca_new_60/sf2plus/hdl/out_shifter.vhd|i|1468087487|6858
/nfs/home/ryan/orca_new_60/sf2plus/hdl/vblox1_core.vhd|i|1468087487|16797
/nfs/home/ryan/orca_new_60/sf2plus/hdl/vectorblox_axi.vhd|i|1468087487|22156
/nfs/home/ryan/orca_new_60/sf2plus/component/Actel/DirectCore/CoreGPIO/3.1.101/rtl/vhdl/core/components.vhd|i|1468088088|7134
/nfs/home/ryan/orca_new_60/sf2plus/component/work/Top_Fabric_Master/CoreUARTapb_0/rtl/vhdl/core/components.vhd|i|1468088088|2696
/nfs/home/ryan/orca_new_60/sf2plus/component/work/Top_Fabric_Master/Top_Fabric_Master.vhd|i|1468088088|89318
/nfs/opt/microsemi/Libero_v11.7/Synplify/linux_a_64/c_hdl|i|1456362170|5127776
/nfs/opt/microsemi/Libero_v11.7/Synplify/linux/c_hdl|i|1456362167|4550428
/nfs/opt/microsemi/Libero_v11.7/Synplify/bin/c_hdl|i|1456362166|365
